C:\SERIALIZER\VCPROJECTS\DEBUG\MAIN.OBJ
C:\SERIALIZER\VCPROJECTS\DEBUG\VC110.PDB
C:\SERIALIZER\BIN\SERIALIZER.ILK
C:\SERIALIZER\BIN\SERIALIZER.EXE
C:\SERIALIZER\BIN\SERIALIZER.PDB
C:\Serializer\vcprojects\Debug\main.obj
C:\Serializer\vcprojects\Debug\cl.command.1.tlog
C:\Serializer\vcprojects\Debug\CL.read.1.tlog
C:\Serializer\vcprojects\Debug\CL.write.1.tlog
C:\Serializer\vcprojects\Debug\link-cvtres.read.1.tlog
C:\Serializer\vcprojects\Debug\link-cvtres.write.1.tlog
C:\Serializer\vcprojects\Debug\link-rc.read.1.tlog
C:\Serializer\vcprojects\Debug\link-rc.write.1.tlog
C:\Serializer\vcprojects\Debug\link.4108-cvtres.read.1.tlog
C:\Serializer\vcprojects\Debug\link.4108-cvtres.write.1.tlog
C:\Serializer\vcprojects\Debug\link.4108-rc.read.1.tlog
C:\Serializer\vcprojects\Debug\link.4108-rc.write.1.tlog
C:\Serializer\vcprojects\Debug\link.4108.read.1.tlog
C:\Serializer\vcprojects\Debug\link.4108.write.1.tlog
C:\Serializer\vcprojects\Debug\link.4968-cvtres.read.1.tlog
C:\Serializer\vcprojects\Debug\link.4968-cvtres.write.1.tlog
C:\Serializer\vcprojects\Debug\link.4968-rc.read.1.tlog
C:\Serializer\vcprojects\Debug\link.4968-rc.write.1.tlog
C:\Serializer\vcprojects\Debug\link.4968.read.1.tlog
C:\Serializer\vcprojects\Debug\link.4968.write.1.tlog
C:\Serializer\vcprojects\Debug\link.6844-cvtres.read.1.tlog
C:\Serializer\vcprojects\Debug\link.6844-cvtres.write.1.tlog
C:\Serializer\vcprojects\Debug\link.6844-rc.read.1.tlog
C:\Serializer\vcprojects\Debug\link.6844-rc.write.1.tlog
C:\Serializer\vcprojects\Debug\link.6844.read.1.tlog
C:\Serializer\vcprojects\Debug\link.6844.write.1.tlog
C:\Serializer\vcprojects\Debug\link.command.1.tlog
C:\Serializer\vcprojects\Debug\link.read.1.tlog
C:\Serializer\vcprojects\Debug\link.write.1.tlog
C:\Serializer\vcprojects\Debug\vc110.idb
C:\Serializer\vcprojects\Debug\vc110.pdb
C:\Serializer\vcprojects\..\bin\Serializer.exe
